<?xml version="1.0" encoding="UTF-8"?>
<!-- Generated by org.testng.reporters.JUnitReportReporter -->
<testsuite skipped="0" hostname="PriyankaSahni.local" name="com.ezcontent.qa.testcases.ArticleMapTest2" tests="1" failures="0" timestamp="07 May 2020 16:17:43 GMT" time="6.486" errors="0">
  <testcase name="loginTest" time="6.486" classname="com.ezcontent.qa.testcases.ArticleMapTest2"/>
</testsuite> <!-- com.ezcontent.qa.testcases.ArticleMapTest2 -->
