<?xml version="1.0" encoding="UTF-8"?>
<!-- Generated by org.testng.reporters.JUnitReportReporter -->
<testsuite skipped="0" hostname="PriyankaSahni.local" name="com.qa.ezcontent.test" tests="1" failures="0" timestamp="21 Apr 2020 10:49:23 GMT" time="17.497" errors="0">
  <testcase name="launch" time="17.497" classname="com.qa.ezcontent.test"/>
</testsuite> <!-- com.qa.ezcontent.test -->
