<?xml version="1.0" encoding="UTF-8"?>
<!-- Generated by org.testng.reporters.JUnitReportReporter -->
<testsuite skipped="0" hostname="PriyankaSahni.local" name="com.ezcontent.qa.testcases.ContentLiveBlogTest" tests="1" failures="0" timestamp="07 May 2020 16:17:48 GMT" time="3.752" errors="0">
  <testcase name="loginTest" time="3.752" classname="com.ezcontent.qa.testcases.ContentLiveBlogTest"/>
</testsuite> <!-- com.ezcontent.qa.testcases.ContentLiveBlogTest -->
