<?xml version="1.0" encoding="UTF-8"?>
<!-- Generated by org.testng.reporters.JUnitReportReporter -->
<testsuite skipped="0" hostname="PriyankaSahni.local" name="com.ezcontent.qa.ExtentReportListener.ExtentReport" tests="1" failures="0" timestamp="07 May 2020 11:54:03 GMT" time="0.367" errors="0">
  <testcase name="extentReport" time="0.367" classname="com.ezcontent.qa.ExtentReportListener.ExtentReport"/>
</testsuite> <!-- com.ezcontent.qa.ExtentReportListener.ExtentReport -->
