<?xml version="1.0" encoding="UTF-8"?>
<!-- Generated by org.testng.reporters.JUnitReportReporter -->
<testsuite skipped="0" hostname="PriyankaSahni.local" name="com.ezcontent.qa.testcases.ArticleMapTest" tests="14" failures="0" timestamp="28 Apr 2020 17:57:49 GMT" time="14.180" errors="0">
  <testcase name="loginTest" time="3.604" classname="com.ezcontent.qa.testcases.ArticleMapTest"/>
  <testcase name="verifyContent" time="0.183" classname="com.ezcontent.qa.testcases.ArticleMapTest"/>
  <testcase name="Content" time="0.198" classname="com.ezcontent.qa.testcases.ArticleMapTest"/>
  <testcase name="addContent" time="0.176" classname="com.ezcontent.qa.testcases.ArticleMapTest"/>
  <testcase name="article" time="6.785" classname="com.ezcontent.qa.testcases.ArticleMapTest"/>
  <testcase name="verifySections" time="0.271" classname="com.ezcontent.qa.testcases.ArticleMapTest"/>
  <testcase name="titleFieldLabel" time="0.024" classname="com.ezcontent.qa.testcases.ArticleMapTest"/>
  <testcase name="titleFieldData" time="0.528" classname="com.ezcontent.qa.testcases.ArticleMapTest"/>
  <testcase name="subTitleFieldLabel" time="0.030" classname="com.ezcontent.qa.testcases.ArticleMapTest"/>
  <testcase name="subTitleFieldData" time="0.464" classname="com.ezcontent.qa.testcases.ArticleMapTest"/>
  <testcase name="subheadFieldLabel" time="0.023" classname="com.ezcontent.qa.testcases.ArticleMapTest"/>
  <testcase name="subheadFieldData" time="0.439" classname="com.ezcontent.qa.testcases.ArticleMapTest"/>
  <testcase name="authorLabel" time="0.023" classname="com.ezcontent.qa.testcases.ArticleMapTest"/>
  <testcase name="authorFieldData" time="1.432" classname="com.ezcontent.qa.testcases.ArticleMapTest"/>
</testsuite> <!-- com.ezcontent.qa.testcases.ArticleMapTest -->
